CREATE USER SA PASSWORD "" ADMIN
/*C1*/SET SCHEMA PUBLIC
CONNECT USER SA
DISCONNECT
/*C2*/SET SCHEMA PUBLIC
CONNECT USER SA
CREATE TABLE PUBLIC.jiraaction (ID BIGINT NOT NULL, issueid BIGINT, AUTHOR VARCHAR, actiontype VARCHAR, actionlevel VARCHAR, rolelevel BIGINT, actionbody VARCHAR, CREATED TIMESTAMP, UPDATEAUTHOR VARCHAR, UPDATED TIMESTAMP, actionnum BIGINT, CONSTRAINT PK_jiraaction PRIMARY KEY (ID))
CREATE TABLE PUBLIC.changegroup (ID BIGINT NOT NULL, issueid BIGINT, AUTHOR VARCHAR, CREATED TIMESTAMP, CONSTRAINT PK_changegroup PRIMARY KEY (ID))
CREATE TABLE PUBLIC.changeitem (ID BIGINT NOT NULL, groupid BIGINT, FIELDTYPE VARCHAR, FIELD VARCHAR, OLDVALUE VARCHAR, OLDSTRING VARCHAR, NEWVALUE VARCHAR, NEWSTRING VARCHAR, CONSTRAINT PK_changeitem PRIMARY KEY (ID))
CREATE TABLE PUBLIC.columnlayout (ID BIGINT NOT NULL, USERNAME VARCHAR, SEARCHREQUEST BIGINT, CONSTRAINT PK_columnlayout PRIMARY KEY (ID))
CREATE TABLE PUBLIC.columnlayoutitem (ID BIGINT NOT NULL, COLUMNLAYOUT BIGINT, FIELDIDENTIFIER VARCHAR, HORIZONTALPOSITION BIGINT, CONSTRAINT PK_columnlayoutitem PRIMARY KEY (ID))
CREATE TABLE PUBLIC.component (ID BIGINT NOT NULL, PROJECT BIGINT, cname VARCHAR, description VARCHAR, URL VARCHAR, LEAD VARCHAR, ASSIGNEETYPE BIGINT, CONSTRAINT PK_component PRIMARY KEY (ID))
CREATE TABLE PUBLIC.configurationcontext (ID BIGINT NOT NULL, PROJECTCATEGORY BIGINT, PROJECT BIGINT, customfield VARCHAR, FIELDCONFIGSCHEME BIGINT, CONSTRAINT PK_configurationcontext PRIMARY KEY (ID))
CREATE TABLE PUBLIC.customfield (ID BIGINT NOT NULL, CUSTOMFIELDTYPEKEY VARCHAR, CUSTOMFIELDSEARCHERKEY VARCHAR, cfname VARCHAR, DESCRIPTION VARCHAR, defaultvalue VARCHAR, FIELDTYPE BIGINT, PROJECT BIGINT, ISSUETYPE VARCHAR, CONSTRAINT PK_customfield PRIMARY KEY (ID))
CREATE TABLE PUBLIC.customfieldoption (ID BIGINT NOT NULL, CUSTOMFIELD BIGINT, CUSTOMFIELDCONFIG BIGINT, PARENTOPTIONID BIGINT, SEQUENCE BIGINT, customvalue VARCHAR, optiontype VARCHAR, CONSTRAINT PK_customfieldoption PRIMARY KEY (ID))
CREATE TABLE PUBLIC.customfieldvalue (ID BIGINT NOT NULL, ISSUE BIGINT, CUSTOMFIELD BIGINT, PARENTKEY VARCHAR, STRINGVALUE VARCHAR, NUMBERVALUE DOUBLE, TEXTVALUE VARCHAR, DATEVALUE TIMESTAMP, VALUETYPE VARCHAR, CONSTRAINT PK_customfieldvalue PRIMARY KEY (ID))
CREATE TABLE PUBLIC.jiraeventtype (ID BIGINT NOT NULL, TEMPLATE_ID BIGINT, NAME VARCHAR, DESCRIPTION VARCHAR, event_type VARCHAR, CONSTRAINT PK_jiraeventtype PRIMARY KEY (ID))
CREATE TABLE PUBLIC.external_entities (ID BIGINT NOT NULL, NAME VARCHAR, entitytype VARCHAR, CONSTRAINT PK_external_entities PRIMARY KEY (ID))
CREATE TABLE PUBLIC.fieldconfigscheme (ID BIGINT NOT NULL, configname VARCHAR, DESCRIPTION VARCHAR, FIELDID VARCHAR, CUSTOMFIELD BIGINT, CONSTRAINT PK_fieldconfigscheme PRIMARY KEY (ID))
CREATE TABLE PUBLIC.fieldconfigschemeissuetype (ID BIGINT NOT NULL, ISSUETYPE VARCHAR, FIELDCONFIGSCHEME BIGINT, FIELDCONFIGURATION BIGINT, CONSTRAINT PK_fieldconfigschemeissuetype PRIMARY KEY (ID))
CREATE TABLE PUBLIC.fieldconfiguration (ID BIGINT NOT NULL, configname VARCHAR, DESCRIPTION VARCHAR, FIELDID VARCHAR, CUSTOMFIELD BIGINT, CONSTRAINT PK_fieldconfiguration PRIMARY KEY (ID))
CREATE TABLE PUBLIC.fieldlayout (ID BIGINT NOT NULL, NAME VARCHAR, DESCRIPTION VARCHAR, layout_type VARCHAR, LAYOUTSCHEME BIGINT, CONSTRAINT PK_fieldlayout PRIMARY KEY (ID))
CREATE TABLE PUBLIC.fieldlayoutitem (ID BIGINT NOT NULL, FIELDLAYOUT BIGINT, FIELDIDENTIFIER VARCHAR, DESCRIPTION VARCHAR, VERTICALPOSITION BIGINT, ISHIDDEN VARCHAR, ISREQUIRED VARCHAR, RENDERERTYPE VARCHAR, CONSTRAINT PK_fieldlayoutitem PRIMARY KEY (ID))
CREATE TABLE PUBLIC.fieldlayoutscheme (ID BIGINT NOT NULL, NAME VARCHAR, DESCRIPTION VARCHAR, CONSTRAINT PK_fieldlayoutscheme PRIMARY KEY (ID))
CREATE TABLE PUBLIC.fieldlayoutschemeassociation (ID BIGINT NOT NULL, ISSUETYPE VARCHAR, PROJECT BIGINT, FIELDLAYOUTSCHEME BIGINT, CONSTRAINT PK_fieldlayoutschemeassociatio PRIMARY KEY (ID))
CREATE TABLE PUBLIC.fieldlayoutschemeentity (ID BIGINT NOT NULL, SCHEME BIGINT, issuetype VARCHAR, FIELDLAYOUT BIGINT, CONSTRAINT PK_fieldlayoutschemeentity PRIMARY KEY (ID))
CREATE TABLE PUBLIC.fieldscreen (ID BIGINT NOT NULL, NAME VARCHAR, DESCRIPTION VARCHAR, CONSTRAINT PK_fieldscreen PRIMARY KEY (ID))
CREATE TABLE PUBLIC.fieldscreenlayoutitem (ID BIGINT NOT NULL, FIELDIDENTIFIER VARCHAR, SEQUENCE BIGINT, FIELDSCREENTAB BIGINT, CONSTRAINT PK_fieldscreenlayoutitem PRIMARY KEY (ID))
CREATE TABLE PUBLIC.fieldscreenscheme (ID BIGINT NOT NULL, NAME VARCHAR, DESCRIPTION VARCHAR, CONSTRAINT PK_fieldscreenscheme PRIMARY KEY (ID))
CREATE TABLE PUBLIC.fieldscreenschemeitem (ID BIGINT NOT NULL, OPERATION BIGINT, FIELDSCREEN BIGINT, FIELDSCREENSCHEME BIGINT, CONSTRAINT PK_fieldscreenschemeitem PRIMARY KEY (ID))
CREATE TABLE PUBLIC.fieldscreentab (ID BIGINT NOT NULL, NAME VARCHAR, DESCRIPTION VARCHAR, SEQUENCE BIGINT, FIELDSCREEN BIGINT, CONSTRAINT PK_fieldscreentab PRIMARY KEY (ID))
CREATE TABLE PUBLIC.fileattachment (ID BIGINT NOT NULL, issueid BIGINT, MIMETYPE VARCHAR, FILENAME VARCHAR, CREATED TIMESTAMP, FILESIZE BIGINT, AUTHOR VARCHAR, CONSTRAINT PK_fileattachment PRIMARY KEY (ID))
CREATE TABLE PUBLIC.filtersubscription (ID BIGINT NOT NULL, FILTER_I_D BIGINT, USERNAME VARCHAR, groupname VARCHAR, LAST_RUN TIMESTAMP, EMAIL_ON_EMPTY VARCHAR, CONSTRAINT PK_filtersubscription PRIMARY KEY (ID))
CREATE TABLE PUBLIC.genericconfiguration (ID BIGINT NOT NULL, DATATYPE VARCHAR, DATAKEY VARCHAR, XMLVALUE VARCHAR, CONSTRAINT PK_genericconfiguration PRIMARY KEY (ID))
CREATE TABLE PUBLIC.jiraissue (ID BIGINT NOT NULL, pkey VARCHAR, PROJECT BIGINT, REPORTER VARCHAR, ASSIGNEE VARCHAR, issuetype VARCHAR, SUMMARY VARCHAR, DESCRIPTION VARCHAR, ENVIRONMENT VARCHAR, PRIORITY VARCHAR, RESOLUTION VARCHAR, issuestatus VARCHAR, CREATED TIMESTAMP, UPDATED TIMESTAMP, DUEDATE TIMESTAMP, VOTES BIGINT, TIMEORIGINALESTIMATE BIGINT, TIMEESTIMATE BIGINT, TIMESPENT BIGINT, WORKFLOW_ID BIGINT, SECURITY BIGINT, FIXFOR BIGINT, COMPONENT BIGINT, CONSTRAINT PK_jiraissue PRIMARY KEY (ID))
CREATE TABLE PUBLIC.issuelink (ID BIGINT NOT NULL, LINKTYPE BIGINT, SOURCE BIGINT, DESTINATION BIGINT, SEQUENCE BIGINT, CONSTRAINT PK_issuelink PRIMARY KEY (ID))
CREATE TABLE PUBLIC.issuelinktype (ID BIGINT NOT NULL, LINKNAME VARCHAR, INWARD VARCHAR, OUTWARD VARCHAR, pstyle VARCHAR, CONSTRAINT PK_issuelinktype PRIMARY KEY (ID))
CREATE TABLE PUBLIC.issuesecurityscheme (ID BIGINT NOT NULL, NAME VARCHAR, DESCRIPTION VARCHAR, DEFAULTLEVEL BIGINT, CONSTRAINT PK_issuesecurityscheme PRIMARY KEY (ID))
CREATE TABLE PUBLIC.issuetype (ID VARCHAR NOT NULL, SEQUENCE BIGINT, pname VARCHAR, pstyle VARCHAR, DESCRIPTION VARCHAR, ICONURL VARCHAR, CONSTRAINT PK_issuetype PRIMARY KEY (ID))
CREATE TABLE PUBLIC.issuetypescreenscheme (ID BIGINT NOT NULL, NAME VARCHAR, DESCRIPTION VARCHAR, CONSTRAINT PK_issuetypescreenscheme PRIMARY KEY (ID))
CREATE TABLE PUBLIC.issuetypescreenschemeentity (ID BIGINT NOT NULL, ISSUETYPE VARCHAR, SCHEME BIGINT, FIELDSCREENSCHEME BIGINT, CONSTRAINT PK_issuetypescreenschemeentity PRIMARY KEY (ID))
CREATE TABLE PUBLIC.listenerconfig (ID BIGINT NOT NULL, CLAZZ VARCHAR, listenername VARCHAR, CONSTRAINT PK_listenerconfig PRIMARY KEY (ID))
CREATE TABLE PUBLIC.mailserver (ID BIGINT NOT NULL, NAME VARCHAR, DESCRIPTION VARCHAR, mailfrom VARCHAR, PREFIX VARCHAR, smtp_port VARCHAR, server_type VARCHAR, SERVERNAME VARCHAR, JNDILOCATION VARCHAR, mailusername VARCHAR, mailpassword VARCHAR, CONSTRAINT PK_mailserver PRIMARY KEY (ID))
CREATE TABLE PUBLIC.nodeassociation (SOURCE_NODE_ID BIGINT NOT NULL, SOURCE_NODE_ENTITY VARCHAR NOT NULL, SINK_NODE_ID BIGINT NOT NULL, SINK_NODE_ENTITY VARCHAR NOT NULL, ASSOCIATION_TYPE VARCHAR NOT NULL, SEQUENCE INTEGER, CONSTRAINT PK_nodeassociation PRIMARY KEY (SOURCE_NODE_ID, SOURCE_NODE_ENTITY, SINK_NODE_ID, SINK_NODE_ENTITY, ASSOCIATION_TYPE))
CREATE TABLE PUBLIC.notification (ID BIGINT NOT NULL, SCHEME BIGINT, EVENT VARCHAR, EVENT_TYPE_ID BIGINT, TEMPLATE_ID BIGINT, notif_type VARCHAR, notif_parameter VARCHAR, CONSTRAINT PK_notification PRIMARY KEY (ID))
CREATE TABLE PUBLIC.notificationinstance (ID BIGINT NOT NULL, notificationtype VARCHAR, SOURCE BIGINT, emailaddress VARCHAR, MESSAGEID VARCHAR, CONSTRAINT PK_notificationinstance PRIMARY KEY (ID))
CREATE TABLE PUBLIC.notificationscheme (ID BIGINT NOT NULL, NAME VARCHAR, DESCRIPTION VARCHAR, CONSTRAINT PK_notificationscheme PRIMARY KEY (ID))
CREATE TABLE PUBLIC.OS_CURRENTSTEP (ID BIGINT NOT NULL, ENTRY_ID BIGINT, STEP_ID INTEGER, ACTION_ID INTEGER, OWNER VARCHAR, START_DATE TIMESTAMP, DUE_DATE TIMESTAMP, FINISH_DATE TIMESTAMP, STATUS VARCHAR, CALLER VARCHAR, CONSTRAINT PK_OS_CURRENTSTEP PRIMARY KEY (ID))
CREATE TABLE PUBLIC.OS_CURRENTSTEP_PREV (ID BIGINT NOT NULL, PREVIOUS_ID BIGINT NOT NULL, CONSTRAINT PK_OS_CURRENTSTEP_PREV PRIMARY KEY (ID, PREVIOUS_ID))
CREATE TABLE PUBLIC.groupbase (ID BIGINT NOT NULL, groupname VARCHAR, CONSTRAINT PK_groupbase PRIMARY KEY (ID))
CREATE TABLE PUBLIC.OS_HISTORYSTEP (ID BIGINT NOT NULL, ENTRY_ID BIGINT, STEP_ID INTEGER, ACTION_ID INTEGER, OWNER VARCHAR, START_DATE TIMESTAMP, DUE_DATE TIMESTAMP, FINISH_DATE TIMESTAMP, STATUS VARCHAR, CALLER VARCHAR, CONSTRAINT PK_OS_HISTORYSTEP PRIMARY KEY (ID))
CREATE TABLE PUBLIC.OS_HISTORYSTEP_PREV (ID BIGINT NOT NULL, PREVIOUS_ID BIGINT NOT NULL, CONSTRAINT PK_OS_HISTORYSTEP_PREV PRIMARY KEY (ID, PREVIOUS_ID))
CREATE TABLE PUBLIC.membershipbase (ID BIGINT NOT NULL, USER_NAME VARCHAR, GROUP_NAME VARCHAR, CONSTRAINT PK_membershipbase PRIMARY KEY (ID))
CREATE TABLE PUBLIC.propertydata (ID BIGINT NOT NULL, propertyvalue OTHER, CONSTRAINT PK_propertydata PRIMARY KEY (ID))
CREATE TABLE PUBLIC.propertydate (ID BIGINT NOT NULL, propertyvalue TIMESTAMP, CONSTRAINT PK_propertydate PRIMARY KEY (ID))
CREATE TABLE PUBLIC.propertydecimal (ID BIGINT NOT NULL, propertyvalue DOUBLE, CONSTRAINT PK_propertydecimal PRIMARY KEY (ID))
CREATE TABLE PUBLIC.propertyentry (ID BIGINT NOT NULL, ENTITY_NAME VARCHAR, ENTITY_ID BIGINT, PROPERTY_KEY VARCHAR, propertytype INTEGER, CONSTRAINT PK_propertyentry PRIMARY KEY (ID))
CREATE TABLE PUBLIC.propertynumber (ID BIGINT NOT NULL, propertyvalue BIGINT, CONSTRAINT PK_propertynumber PRIMARY KEY (ID))
CREATE TABLE PUBLIC.propertystring (ID BIGINT NOT NULL, propertyvalue VARCHAR, CONSTRAINT PK_propertystring PRIMARY KEY (ID))
CREATE TABLE PUBLIC.propertytext (ID BIGINT NOT NULL, propertyvalue VARCHAR, CONSTRAINT PK_propertytext PRIMARY KEY (ID))
CREATE TABLE PUBLIC.userbase (ID BIGINT NOT NULL, username VARCHAR, PASSWORD_HASH VARCHAR, CONSTRAINT PK_userbase PRIMARY KEY (ID))
CREATE TABLE PUBLIC.OS_WFENTRY (ID BIGINT NOT NULL, NAME VARCHAR, INITIALIZED INTEGER, STATE INTEGER, CONSTRAINT PK_OS_WFENTRY PRIMARY KEY (ID))
CREATE TABLE PUBLIC.optionconfiguration (ID BIGINT NOT NULL, FIELDID VARCHAR, OPTIONID VARCHAR, FIELDCONFIG BIGINT, SEQUENCE BIGINT, CONSTRAINT PK_optionconfiguration PRIMARY KEY (ID))
CREATE TABLE PUBLIC.jiraperms (ID BIGINT NOT NULL, permtype BIGINT, projectid BIGINT, groupname VARCHAR, CONSTRAINT PK_jiraperms PRIMARY KEY (ID))
CREATE TABLE PUBLIC.permissionscheme (ID BIGINT NOT NULL, NAME VARCHAR, DESCRIPTION VARCHAR, CONSTRAINT PK_permissionscheme PRIMARY KEY (ID))
CREATE TABLE PUBLIC.portalpage (ID BIGINT NOT NULL, USERNAME VARCHAR, PAGENAME VARCHAR, DESCRIPTION VARCHAR, SEQUENCE BIGINT, CONSTRAINT PK_portalpage PRIMARY KEY (ID))
CREATE TABLE PUBLIC.portletconfiguration (ID BIGINT NOT NULL, PORTALPAGE BIGINT, PORTLET_ID VARCHAR, COLUMN_NUMBER INTEGER, positionseq INTEGER, CONSTRAINT PK_portletconfiguration PRIMARY KEY (ID))
CREATE TABLE PUBLIC.priority (ID VARCHAR NOT NULL, SEQUENCE BIGINT, pname VARCHAR, DESCRIPTION VARCHAR, ICONURL VARCHAR, STATUS_COLOR VARCHAR, CONSTRAINT PK_priority PRIMARY KEY (ID))
CREATE TABLE PUBLIC.project (ID BIGINT NOT NULL, pname VARCHAR, URL VARCHAR, LEAD VARCHAR, DESCRIPTION VARCHAR, pkey VARCHAR, pcounter BIGINT, ASSIGNEETYPE BIGINT, CONSTRAINT PK_project PRIMARY KEY (ID))
CREATE TABLE PUBLIC.projectcategory (ID BIGINT NOT NULL, cname VARCHAR, description VARCHAR, CONSTRAINT PK_projectcategory PRIMARY KEY (ID))
CREATE TABLE PUBLIC.projectrole (ID BIGINT NOT NULL, NAME VARCHAR, DESCRIPTION VARCHAR, CONSTRAINT PK_projectrole PRIMARY KEY (ID))
CREATE TABLE PUBLIC.projectroleactor (ID BIGINT NOT NULL, PID BIGINT, PROJECTROLEID BIGINT, ROLETYPE VARCHAR, ROLETYPEPARAMETER VARCHAR, CONSTRAINT PK_projectroleactor PRIMARY KEY (ID))
CREATE TABLE PUBLIC.qrtz_calendars (ID BIGINT, CALENDAR_NAME VARCHAR NOT NULL, CALENDAR VARCHAR, CONSTRAINT PK_qrtz_calendars PRIMARY KEY (CALENDAR_NAME))
CREATE TABLE PUBLIC.qrtz_cron_triggers (ID BIGINT NOT NULL, trigger_id BIGINT, cronExperssion VARCHAR, CONSTRAINT PK_qrtz_cron_triggers PRIMARY KEY (ID))
CREATE TABLE PUBLIC.qrtz_fired_triggers (ID BIGINT, ENTRY_ID VARCHAR NOT NULL, trigger_id BIGINT, TRIGGER_LISTENER VARCHAR, FIRED_TIME TIMESTAMP, TRIGGER_STATE VARCHAR, CONSTRAINT PK_qrtz_fired_triggers PRIMARY KEY (ENTRY_ID))
CREATE TABLE PUBLIC.qrtz_job_details (ID BIGINT NOT NULL, JOB_NAME VARCHAR, JOB_GROUP VARCHAR, CLASS_NAME VARCHAR, IS_DURABLE VARCHAR, IS_STATEFUL VARCHAR, REQUESTS_RECOVERY VARCHAR, JOB_DATA VARCHAR, CONSTRAINT PK_qrtz_job_details PRIMARY KEY (ID))
CREATE TABLE PUBLIC.qrtz_job_listeners (ID BIGINT NOT NULL, JOB BIGINT, JOB_LISTENER VARCHAR, CONSTRAINT PK_qrtz_job_listeners PRIMARY KEY (ID))
CREATE TABLE PUBLIC.qrtz_simple_triggers (ID BIGINT NOT NULL, trigger_id BIGINT, REPEAT_COUNT INTEGER, REPEAT_INTERVAL BIGINT, TIMES_TRIGGERED INTEGER, CONSTRAINT PK_qrtz_simple_triggers PRIMARY KEY (ID))
CREATE TABLE PUBLIC.qrtz_trigger_listeners (ID BIGINT NOT NULL, trigger_id BIGINT, TRIGGER_LISTENER VARCHAR, CONSTRAINT PK_qrtz_trigger_listeners PRIMARY KEY (ID))
CREATE TABLE PUBLIC.qrtz_triggers (ID BIGINT NOT NULL, TRIGGER_NAME VARCHAR, TRIGGER_GROUP VARCHAR, JOB BIGINT, NEXT_FIRE TIMESTAMP, TRIGGER_STATE VARCHAR, TRIGGER_TYPE VARCHAR, START_TIME TIMESTAMP, END_TIME TIMESTAMP, CALENDAR_NAME VARCHAR, MISFIRE_INSTR INTEGER, CONSTRAINT PK_qrtz_triggers PRIMARY KEY (ID))
CREATE TABLE PUBLIC.resolution (ID VARCHAR NOT NULL, SEQUENCE BIGINT, pname VARCHAR, DESCRIPTION VARCHAR, ICONURL VARCHAR, CONSTRAINT PK_resolution PRIMARY KEY (ID))
CREATE TABLE PUBLIC.schemeissuesecurities (ID BIGINT NOT NULL, SCHEME BIGINT, SECURITY BIGINT, sec_type VARCHAR, sec_parameter VARCHAR, CONSTRAINT PK_schemeissuesecurities PRIMARY KEY (ID))
CREATE TABLE PUBLIC.schemeissuesecuritylevels (ID BIGINT NOT NULL, NAME VARCHAR, DESCRIPTION VARCHAR, SCHEME BIGINT, CONSTRAINT PK_schemeissuesecuritylevels PRIMARY KEY (ID))
CREATE TABLE PUBLIC.schemepermissions (ID BIGINT NOT NULL, SCHEME BIGINT, PERMISSION BIGINT, perm_type VARCHAR, perm_parameter VARCHAR, CONSTRAINT PK_schemepermissions PRIMARY KEY (ID))
CREATE TABLE PUBLIC.searchrequest (ID BIGINT NOT NULL, filtername VARCHAR, authorname VARCHAR, DESCRIPTION VARCHAR, username VARCHAR, groupname VARCHAR, projectid BIGINT, reqcontent VARCHAR, CONSTRAINT PK_searchrequest PRIMARY KEY (ID))
CREATE TABLE PUBLIC.SEQUENCE_VALUE_ITEM (SEQ_NAME VARCHAR NOT NULL, SEQ_ID BIGINT, CONSTRAINT PK_SEQUENCE_VALUE_ITEM PRIMARY KEY (SEQ_NAME))
CREATE TABLE PUBLIC.serviceconfig (ID BIGINT NOT NULL, delaytime BIGINT, CLAZZ VARCHAR, servicename VARCHAR, CONSTRAINT PK_serviceconfig PRIMARY KEY (ID))
CREATE TABLE PUBLIC.issuestatus (ID VARCHAR NOT NULL, SEQUENCE BIGINT, pname VARCHAR, DESCRIPTION VARCHAR, ICONURL VARCHAR, CONSTRAINT PK_issuestatus PRIMARY KEY (ID))
CREATE TABLE PUBLIC.trackback_ping (ID BIGINT NOT NULL, ISSUE BIGINT, URL VARCHAR, TITLE VARCHAR, BLOGNAME VARCHAR, EXCERPT VARCHAR, CREATED TIMESTAMP, CONSTRAINT PK_trackback_ping PRIMARY KEY (ID))
CREATE TABLE PUBLIC.trustedapp (ID BIGINT NOT NULL, APPLICATION_ID VARCHAR, NAME VARCHAR, PUBLIC_KEY VARCHAR, IP_MATCH VARCHAR, URL_MATCH VARCHAR, TIMEOUT BIGINT, CREATED TIMESTAMP, CREATED_BY VARCHAR, UPDATED TIMESTAMP, UPDATED_BY VARCHAR, CONSTRAINT PK_trustedapp PRIMARY KEY (ID))
CREATE TABLE PUBLIC.upgradehistory (ID BIGINT, UPGRADECLASS VARCHAR NOT NULL, CONSTRAINT PK_upgradehistory PRIMARY KEY (UPGRADECLASS))
CREATE TABLE PUBLIC.userassociation (SOURCE_NAME VARCHAR NOT NULL, SINK_NODE_ID BIGINT NOT NULL, SINK_NODE_ENTITY VARCHAR NOT NULL, ASSOCIATION_TYPE VARCHAR NOT NULL, SEQUENCE INTEGER, CONSTRAINT PK_userassociation PRIMARY KEY (SOURCE_NAME, SINK_NODE_ID, SINK_NODE_ENTITY, ASSOCIATION_TYPE))
CREATE TABLE PUBLIC.projectversion (ID BIGINT NOT NULL, PROJECT BIGINT, vname VARCHAR, DESCRIPTION VARCHAR, SEQUENCE BIGINT, RELEASED VARCHAR, ARCHIVED VARCHAR, URL VARCHAR, RELEASEDATE TIMESTAMP, CONSTRAINT PK_projectversion PRIMARY KEY (ID))
CREATE TABLE PUBLIC.versioncontrol (ID BIGINT NOT NULL, vcsname VARCHAR, vcsdescription VARCHAR, vcstype VARCHAR, CONSTRAINT PK_versioncontrol PRIMARY KEY (ID))
CREATE TABLE PUBLIC.jiraworkflows (ID BIGINT NOT NULL, workflowname VARCHAR, creatorname VARCHAR, DESCRIPTOR VARCHAR, ISLOCKED VARCHAR, CONSTRAINT PK_jiraworkflows PRIMARY KEY (ID))
CREATE TABLE PUBLIC.workflowscheme (ID BIGINT NOT NULL, NAME VARCHAR, DESCRIPTION VARCHAR, CONSTRAINT PK_workflowscheme PRIMARY KEY (ID))
CREATE TABLE PUBLIC.workflowschemeentity (ID BIGINT NOT NULL, SCHEME BIGINT, WORKFLOW VARCHAR, issuetype VARCHAR, CONSTRAINT PK_workflowschemeentity PRIMARY KEY (ID))
CREATE TABLE PUBLIC.worklog (ID BIGINT NOT NULL, issueid BIGINT, AUTHOR VARCHAR, grouplevel VARCHAR, rolelevel BIGINT, worklogbody VARCHAR, CREATED TIMESTAMP, UPDATEAUTHOR VARCHAR, UPDATED TIMESTAMP, STARTDATE TIMESTAMP, timeworked BIGINT, CONSTRAINT PK_worklog PRIMARY KEY (ID))
CREATE INDEX action_issue ON PUBLIC.jiraaction (issueid, actiontype)
CREATE INDEX chggroup_issue ON PUBLIC.changegroup (issueid)
CREATE INDEX chgitem_chggrp ON PUBLIC.changeitem (groupid)
CREATE INDEX chgitem_field ON PUBLIC.changeitem (FIELD)
CREATE INDEX confcontext ON PUBLIC.configurationcontext (PROJECTCATEGORY, PROJECT, customfield)
CREATE INDEX cf_cfoption ON PUBLIC.customfieldoption (CUSTOMFIELD)
CREATE INDEX cfvalue_issue ON PUBLIC.customfieldvalue (ISSUE, CUSTOMFIELD)
CREATE INDEX ext_entity_name ON PUBLIC.external_entities (NAME)
CREATE INDEX fcs_fieldid ON PUBLIC.fieldconfigscheme (FIELDID)
CREATE INDEX fcs_issuetype ON PUBLIC.fieldconfigschemeissuetype (ISSUETYPE)
CREATE INDEX fcs_scheme ON PUBLIC.fieldconfigschemeissuetype (FIELDCONFIGSCHEME)
CREATE INDEX fc_fieldid ON PUBLIC.fieldconfiguration (FIELDID)
CREATE INDEX fl_scheme_assoc ON PUBLIC.fieldlayoutschemeassociation (PROJECT, ISSUETYPE)
CREATE INDEX fieldlayout_scheme ON PUBLIC.fieldlayoutschemeentity (SCHEME)
CREATE INDEX fieldlayout_layout ON PUBLIC.fieldlayoutschemeentity (FIELDLAYOUT)
CREATE INDEX fieldscitem_tab ON PUBLIC.fieldscreenlayoutitem (FIELDSCREENTAB)
CREATE INDEX fieldscreen_field ON PUBLIC.fieldscreenlayoutitem (FIELDIDENTIFIER)
CREATE INDEX screenitem_scheme ON PUBLIC.fieldscreenschemeitem (FIELDSCREENSCHEME)
CREATE INDEX fieldscreen_tab ON PUBLIC.fieldscreentab (FIELDSCREEN)
CREATE INDEX attach_issue ON PUBLIC.fileattachment (issueid)
CREATE INDEX subscrpt_user ON PUBLIC.filtersubscription (FILTER_I_D, USERNAME)
CREATE INDEX subscrptn_group ON PUBLIC.filtersubscription (FILTER_I_D, groupname)
CREATE UNIQUE INDEX type_key ON PUBLIC.genericconfiguration (DATATYPE, DATAKEY)
CREATE INDEX issue_key ON PUBLIC.jiraissue (pkey)
CREATE INDEX issue_proj_status ON PUBLIC.jiraissue (PROJECT, issuestatus)
CREATE INDEX issue_assignee ON PUBLIC.jiraissue (ASSIGNEE)
CREATE INDEX issue_workflow ON PUBLIC.jiraissue (WORKFLOW_ID)
CREATE INDEX issuelink_src ON PUBLIC.issuelink (SOURCE)
CREATE INDEX issuelink_dest ON PUBLIC.issuelink (DESTINATION)
CREATE INDEX issuelink_type ON PUBLIC.issuelink (LINKTYPE)
CREATE INDEX linktypename ON PUBLIC.issuelinktype (LINKNAME)
CREATE INDEX linktypestyle ON PUBLIC.issuelinktype (pstyle)
CREATE INDEX fieldscreen_scheme ON PUBLIC.issuetypescreenschemeentity (FIELDSCREENSCHEME)
CREATE INDEX node_source ON PUBLIC.nodeassociation (SOURCE_NODE_ID, SOURCE_NODE_ENTITY)
CREATE INDEX node_sink ON PUBLIC.nodeassociation (SINK_NODE_ID, SINK_NODE_ENTITY)
CREATE INDEX ntfctn_scheme ON PUBLIC.notification (SCHEME)
CREATE INDEX notif_source ON PUBLIC.notificationinstance (SOURCE)
CREATE INDEX wf_entryid ON PUBLIC.OS_CURRENTSTEP (ENTRY_ID)
CREATE INDEX osgroup_name ON PUBLIC.groupbase (groupname)
CREATE INDEX mshipbase_user ON PUBLIC.membershipbase (USER_NAME)
CREATE INDEX mshipbase_group ON PUBLIC.membershipbase (GROUP_NAME)
CREATE INDEX osproperty_all ON PUBLIC.propertyentry (ENTITY_ID)
CREATE INDEX osuser_name ON PUBLIC.userbase (username)
CREATE INDEX fieldid_optionid ON PUBLIC.optionconfiguration (FIELDID, OPTIONID)
CREATE INDEX fieldid_fieldconf ON PUBLIC.optionconfiguration (FIELDID, FIELDCONFIG)
CREATE INDEX role_player_idx ON PUBLIC.projectroleactor (PROJECTROLEID, PID)
CREATE INDEX sec_scheme ON PUBLIC.schemeissuesecurities (SCHEME)
CREATE INDEX sec_security ON PUBLIC.schemeissuesecurities (SECURITY)
CREATE INDEX prmssn_scheme ON PUBLIC.schemepermissions (SCHEME)
CREATE INDEX sr_author ON PUBLIC.searchrequest (authorname)
CREATE INDEX sr_group ON PUBLIC.searchrequest (groupname)
CREATE UNIQUE INDEX trustedapp_id ON PUBLIC.trustedapp (APPLICATION_ID)
CREATE INDEX user_source ON PUBLIC.userassociation (SOURCE_NAME)
CREATE INDEX user_sink ON PUBLIC.userassociation (SINK_NODE_ID, SINK_NODE_ENTITY)
CREATE INDEX workflow_scheme ON PUBLIC.workflowschemeentity (SCHEME)
CREATE INDEX worklog_issue ON PUBLIC.worklog (issueid)
SET AUTOCOMMIT FALSE
SET AUTOCOMMIT TRUE
SET AUTOCOMMIT FALSE
SET AUTOCOMMIT TRUE
SET AUTOCOMMIT FALSE
SET AUTOCOMMIT TRUE
SET AUTOCOMMIT FALSE
SET AUTOCOMMIT TRUE
SET AUTOCOMMIT FALSE
SET AUTOCOMMIT TRUE
SET AUTOCOMMIT FALSE
SET AUTOCOMMIT TRUE
SET AUTOCOMMIT FALSE
SET AUTOCOMMIT TRUE
SET AUTOCOMMIT FALSE
SET AUTOCOMMIT TRUE
SET AUTOCOMMIT FALSE
SET AUTOCOMMIT TRUE
SET AUTOCOMMIT FALSE
SET AUTOCOMMIT TRUE
SET AUTOCOMMIT FALSE
SET AUTOCOMMIT TRUE
SET AUTOCOMMIT FALSE
SET AUTOCOMMIT TRUE
SET AUTOCOMMIT FALSE
SET AUTOCOMMIT TRUE
SET AUTOCOMMIT FALSE
SET AUTOCOMMIT TRUE
SET AUTOCOMMIT FALSE
SET AUTOCOMMIT TRUE
SET AUTOCOMMIT FALSE
SET AUTOCOMMIT TRUE
SET AUTOCOMMIT FALSE
SET AUTOCOMMIT TRUE
SET AUTOCOMMIT FALSE
SET AUTOCOMMIT TRUE
SET AUTOCOMMIT FALSE
SET AUTOCOMMIT TRUE
SET AUTOCOMMIT FALSE
SET AUTOCOMMIT TRUE
SET AUTOCOMMIT FALSE
SET AUTOCOMMIT TRUE
SET AUTOCOMMIT FALSE
SET AUTOCOMMIT TRUE
SET AUTOCOMMIT FALSE
SET AUTOCOMMIT TRUE
SET AUTOCOMMIT FALSE
SET AUTOCOMMIT TRUE
SET AUTOCOMMIT FALSE
SET AUTOCOMMIT TRUE
SET AUTOCOMMIT FALSE
SET AUTOCOMMIT TRUE
SET AUTOCOMMIT FALSE
SET AUTOCOMMIT TRUE
SET AUTOCOMMIT FALSE
SET AUTOCOMMIT TRUE
SET AUTOCOMMIT FALSE
SET AUTOCOMMIT TRUE
SET AUTOCOMMIT FALSE
SET AUTOCOMMIT TRUE
SET AUTOCOMMIT FALSE
SET AUTOCOMMIT TRUE
SET AUTOCOMMIT FALSE
SET AUTOCOMMIT TRUE
SET AUTOCOMMIT FALSE
SET AUTOCOMMIT TRUE
SET AUTOCOMMIT FALSE
SET AUTOCOMMIT TRUE
SET AUTOCOMMIT FALSE
SET AUTOCOMMIT TRUE
SET AUTOCOMMIT FALSE
SET AUTOCOMMIT TRUE
SET AUTOCOMMIT FALSE
SET AUTOCOMMIT TRUE
SET AUTOCOMMIT FALSE
SET AUTOCOMMIT TRUE
SET AUTOCOMMIT FALSE
SET AUTOCOMMIT TRUE
SET AUTOCOMMIT FALSE
SET AUTOCOMMIT TRUE
SET AUTOCOMMIT FALSE
SET AUTOCOMMIT TRUE
SET AUTOCOMMIT FALSE
SET AUTOCOMMIT TRUE
SET AUTOCOMMIT FALSE
SET AUTOCOMMIT TRUE
SET AUTOCOMMIT FALSE
SET AUTOCOMMIT TRUE
SET AUTOCOMMIT FALSE
SET AUTOCOMMIT TRUE
SET AUTOCOMMIT FALSE
SET AUTOCOMMIT TRUE
SET AUTOCOMMIT FALSE
SET AUTOCOMMIT TRUE
SET AUTOCOMMIT FALSE
SET AUTOCOMMIT TRUE
SET AUTOCOMMIT FALSE
SET AUTOCOMMIT TRUE
SET AUTOCOMMIT FALSE
SET AUTOCOMMIT TRUE
SET AUTOCOMMIT FALSE
SET AUTOCOMMIT TRUE
SET AUTOCOMMIT FALSE
SET AUTOCOMMIT TRUE
SET AUTOCOMMIT FALSE
SET AUTOCOMMIT TRUE
SET AUTOCOMMIT FALSE
SET AUTOCOMMIT TRUE
SET AUTOCOMMIT FALSE
SET AUTOCOMMIT TRUE
SET AUTOCOMMIT FALSE
SET AUTOCOMMIT TRUE
/*C3*/SET SCHEMA PUBLIC
CONNECT USER SA
SET AUTOCOMMIT FALSE
SET AUTOCOMMIT TRUE
SET AUTOCOMMIT FALSE
SET AUTOCOMMIT TRUE
SET AUTOCOMMIT FALSE
SET AUTOCOMMIT TRUE
SET AUTOCOMMIT FALSE
SET AUTOCOMMIT TRUE
SET AUTOCOMMIT FALSE
SET AUTOCOMMIT TRUE
SET AUTOCOMMIT FALSE
SET AUTOCOMMIT TRUE
SET AUTOCOMMIT FALSE
SET AUTOCOMMIT TRUE
SET AUTOCOMMIT FALSE
SET AUTOCOMMIT TRUE
SET AUTOCOMMIT FALSE
SET AUTOCOMMIT TRUE
SET AUTOCOMMIT FALSE
SET AUTOCOMMIT TRUE
SET AUTOCOMMIT FALSE
SET AUTOCOMMIT TRUE
SET AUTOCOMMIT FALSE
SET AUTOCOMMIT TRUE
SET AUTOCOMMIT FALSE
SET AUTOCOMMIT TRUE
SET AUTOCOMMIT FALSE
SET AUTOCOMMIT TRUE
SET AUTOCOMMIT FALSE
SET AUTOCOMMIT TRUE
SET AUTOCOMMIT FALSE
INSERT INTO SEQUENCE_VALUE_ITEM VALUES('ListenerConfig',10000)
DELETE FROM SEQUENCE_VALUE_ITEM WHERE SEQ_NAME='ListenerConfig'
INSERT INTO SEQUENCE_VALUE_ITEM VALUES('ListenerConfig',10010)
COMMIT
SET AUTOCOMMIT TRUE
SET AUTOCOMMIT FALSE
INSERT INTO LISTENERCONFIG VALUES(10000,'com.atlassian.jira.event.listeners.cache.IssueCacheListener','Issue Cache Listener')
COMMIT
SET AUTOCOMMIT TRUE
SET AUTOCOMMIT FALSE
SET AUTOCOMMIT TRUE
SET AUTOCOMMIT FALSE
SET AUTOCOMMIT TRUE
SET AUTOCOMMIT FALSE
SET AUTOCOMMIT TRUE
SET AUTOCOMMIT FALSE
SET AUTOCOMMIT TRUE
SET AUTOCOMMIT FALSE
SET AUTOCOMMIT TRUE
SET AUTOCOMMIT FALSE
SET AUTOCOMMIT TRUE
SET AUTOCOMMIT FALSE
SET AUTOCOMMIT TRUE
SET AUTOCOMMIT FALSE
SET AUTOCOMMIT TRUE
SET AUTOCOMMIT FALSE
INSERT INTO LISTENERCONFIG VALUES(10001,'com.atlassian.jira.event.listeners.mail.MailListener','Mail Listener')
COMMIT
SET AUTOCOMMIT TRUE
SET AUTOCOMMIT FALSE
SET AUTOCOMMIT TRUE
SET AUTOCOMMIT FALSE
INSERT INTO SEQUENCE_VALUE_ITEM VALUES('ServiceConfig',10000)
DELETE FROM SEQUENCE_VALUE_ITEM WHERE SEQ_NAME='ServiceConfig'
INSERT INTO SEQUENCE_VALUE_ITEM VALUES('ServiceConfig',10010)
COMMIT
SET AUTOCOMMIT TRUE
SET AUTOCOMMIT FALSE
INSERT INTO SERVICECONFIG VALUES(10000,60000,'com.atlassian.jira.service.services.mail.MailQueueService','Mail Queue Service')
COMMIT
SET AUTOCOMMIT TRUE
SET AUTOCOMMIT FALSE
SET AUTOCOMMIT TRUE
SET AUTOCOMMIT FALSE
SET AUTOCOMMIT TRUE
SET AUTOCOMMIT FALSE
SET AUTOCOMMIT TRUE
SET AUTOCOMMIT FALSE
SET AUTOCOMMIT TRUE
SET AUTOCOMMIT FALSE
INSERT INTO SEQUENCE_VALUE_ITEM VALUES('OSPropertyEntry',10000)
DELETE FROM SEQUENCE_VALUE_ITEM WHERE SEQ_NAME='OSPropertyEntry'
INSERT INTO SEQUENCE_VALUE_ITEM VALUES('OSPropertyEntry',10010)
COMMIT
SET AUTOCOMMIT TRUE
SET AUTOCOMMIT FALSE
INSERT INTO PROPERTYENTRY VALUES(10000,'jira.properties',1,'jira.i18n.language.index',5)
INSERT INTO PROPERTYSTRING VALUES(10000,'english')
COMMIT
SET AUTOCOMMIT TRUE
SET AUTOCOMMIT FALSE
SET AUTOCOMMIT TRUE
SET AUTOCOMMIT FALSE
SET AUTOCOMMIT TRUE
SET AUTOCOMMIT FALSE
INSERT INTO PROPERTYENTRY VALUES(10001,'jira.properties',1,'jira.sid.key',5)
INSERT INTO PROPERTYSTRING VALUES(10001,'APFH-4GN3-YZ93-27KI')
COMMIT
SET AUTOCOMMIT TRUE
SET AUTOCOMMIT FALSE
SET AUTOCOMMIT TRUE
SET AUTOCOMMIT FALSE
SET AUTOCOMMIT TRUE
SET AUTOCOMMIT FALSE
SET AUTOCOMMIT TRUE
